<?xml version="1.0" encoding="UTF-8"?>
<!-- Generated by org.testng.reporters.JUnitReportReporter -->
<testsuite skipped="0" hostname="DESKTOP-KIPHM3P" name="LibraryTest" tests="1" failures="0" timestamp="05 Jul 2018 17:51:44 GMT" time="34.905" errors="0">
  <testcase name="testSomeLibraryMethod" time="34.905" classname="LibraryTest"/>
</testsuite> <!-- LibraryTest -->
